<?xml version="1.0" encoding="UTF-8"?>
<checkstyle version="8.19">
<file name="C:\Users\neha.sudini\Desktop\awais-accenture\decisiontable-springboot-example\src\main\java\org\kie\kogito\queries\Applicant.java">
</file>
<file name="C:\Users\neha.sudini\Desktop\awais-accenture\decisiontable-springboot-example\src\main\java\org\kie\kogito\queries\CreditCardApplication.java">
</file>
<file name="C:\Users\neha.sudini\Desktop\awais-accenture\decisiontable-springboot-example\src\main\java\org\kie\kogito\queries\CreditCardUnit.java">
</file>
<file name="C:\Users\neha.sudini\Desktop\awais-accenture\decisiontable-springboot-example\src\main\java\org\kie\kogito\queries\KogitoSpringbootApplication.java">
</file>
<file name="C:\Users\neha.sudini\Desktop\awais-accenture\decisiontable-springboot-example\src\main\java\org\kie\kogito\queries\LoanApplication.java">
</file>
<file name="C:\Users\neha.sudini\Desktop\awais-accenture\decisiontable-springboot-example\src\main\java\org\kie\kogito\queries\LoanUnit.java">
</file>
<file name="C:\Users\neha.sudini\Desktop\awais-accenture\decisiontable-springboot-example\src\main\java\org\kie\kogito\queries\NumberApplication.java">
</file>
<file name="C:\Users\neha.sudini\Desktop\awais-accenture\decisiontable-springboot-example\src\main\java\org\kie\kogito\queries\NumberUnit.java">
</file>
<file name="C:\Users\neha.sudini\Desktop\awais-accenture\decisiontable-springboot-example\src\main\java\org\kie\kogito\queries\SkillAnalyzer.java">
</file>
<file name="C:\Users\neha.sudini\Desktop\awais-accenture\decisiontable-springboot-example\src\main\java\org\kie\kogito\queries\StudentApplication.java">
</file>
<file name="C:\Users\neha.sudini\Desktop\awais-accenture\decisiontable-springboot-example\src\main\java\org\kie\kogito\queries\StudentUnit.java">
</file>
<file name="C:\Users\neha.sudini\Desktop\awais-accenture\decisiontable-springboot-example\src\test\java\org\kie\kogito\decisiontable\springboot\RestQueryTest.java">
</file>
<file name="C:\Users\neha.sudini\Desktop\awais-accenture\decisiontable-springboot-example\src\main\resources\application.properties">
</file>
</checkstyle>
